[debug] [2019-06-18T14:11:22.418Z] ----------------------------------------------------------------------
[debug] [2019-06-18T14:11:22.419Z] Command:       /usr/bin/node /usr/bin/firebase deploy
[debug] [2019-06-18T14:11:22.420Z] CLI Version:   6.11.0
[debug] [2019-06-18T14:11:22.420Z] Platform:      linux
[debug] [2019-06-18T14:11:22.420Z] Node Version:  v8.15.0
[debug] [2019-06-18T14:11:22.420Z] Time:          Tue Jun 18 2019 19:41:22 GMT+0530 (IST)
[debug] [2019-06-18T14:11:22.420Z] ----------------------------------------------------------------------
[debug] 
[debug] [2019-06-18T14:11:22.425Z] > command requires scopes: ["email","openid","https://www.googleapis.com/auth/cloudplatformprojects.readonly","https://www.googleapis.com/auth/firebase","https://www.googleapis.com/auth/cloud-platform"]
[debug] [2019-06-18T14:11:22.426Z] > authorizing via signed-in user
[debug] [2019-06-18T14:11:22.426Z] [iam] checking project groupkimro for permissions ["firebase.projects.get","firebasehosting.sites.update"]
[debug] [2019-06-18T14:11:22.427Z] >>> HTTP REQUEST POST https://cloudresourcemanager.googleapis.com/v1/projects/groupkimro:testIamPermissions  

[debug] [2019-06-18T14:11:24.480Z] <<< HTTP RESPONSE 200
[debug] [2019-06-18T14:11:24.482Z] >>> HTTP REQUEST GET https://firebase.googleapis.com/v1beta1/projects/groupkimro  
 
[debug] [2019-06-18T14:11:25.167Z] <<< HTTP RESPONSE 200
[info] 
[info] === Deploying to 'groupkimro'...
[info] 
[info] i  deploying hosting
[debug] [2019-06-18T14:11:25.179Z] >>> HTTP REQUEST POST https://firebasehosting.googleapis.com/v1beta1/sites/groupkimro/versions  

[debug] [2019-06-18T14:11:32.745Z] Error: socket hang up
    at createHangUpError (_http_client.js:342:15)
    at TLSSocket.socketOnEnd (_http_client.js:437:23)
    at emitNone (events.js:111:20)
    at TLSSocket.emit (events.js:208:7)
    at endReadableNT (_stream_readable.js:1064:12)
    at _combinedTickCallback (internal/process/next_tick.js:139:11)
    at process._tickDomainCallback (internal/process/next_tick.js:219:9)
[error] 
[error] Error: Server Error. socket hang up
